TN:
SF:src\cors.ts
FN:1,(anonymous_0)
FNF:1
FNH:1
FNDA:28,(anonymous_0)
DA:1,4
DA:2,28
DA:3,8
DA:4,6
DA:5,6
DA:7,3
LF:6
LH:6
BRDA:2,0,0,20
BRDA:2,0,1,8
BRDA:3,1,0,2
BRDA:3,1,1,6
BRDA:5,2,0,3
BRDA:5,2,1,3
BRF:6
BRH:6
end_of_record
TN:
SF:src\errors.ts
FN:2,(anonymous_0)
FN:9,(anonymous_1)
FN:17,(anonymous_2)
FNF:3
FNH:3
FNDA:3,(anonymous_0)
FNDA:1,(anonymous_1)
FNDA:4,(anonymous_2)
DA:3,3
DA:4,3
DA:10,1
DA:11,1
DA:18,4
DA:19,4
LF:6
LH:6
BRF:0
BRH:0
end_of_record
TN:
SF:src\index.ts
FN:7,parseFixedRules
FN:10,(anonymous_1)
FN:19,(anonymous_2)
FN:20,(anonymous_3)
FN:23,applyFixed
FN:42,applyPrefix
FN:55,applyLen
FN:69,applyRequired
FN:82,applyExcluded
FN:95,applyBag
FN:108,applySimple
FN:119,validateQueryParam
FN:129,(anonymous_12)
FN:141,(anonymous_13)
FN:144,(anonymous_14)
FN:147,(anonymous_15)
FN:198,(anonymous_16)
FNF:17
FNH:17
FNDA:3,parseFixedRules
FNDA:4,(anonymous_1)
FNDA:10,(anonymous_2)
FNDA:10,(anonymous_3)
FNDA:16,applyFixed
FNDA:13,applyPrefix
FNDA:16,applyLen
FNDA:13,applyRequired
FNDA:12,applyExcluded
FNDA:12,applyBag
FNDA:12,applySimple
FNDA:18,validateQueryParam
FNDA:29,(anonymous_12)
FNDA:20,(anonymous_13)
FNDA:2,(anonymous_14)
FNDA:18,(anonymous_15)
FNDA:33,(anonymous_16)
DA:9,3
DA:10,1
DA:11,4
DA:12,4
DA:17,2
DA:19,10
DA:20,10
DA:28,16
DA:30,3
DA:31,3
DA:32,11
DA:33,11
DA:37,3
DA:39,3
DA:47,13
DA:48,3
DA:49,3
DA:52,13
DA:61,16
DA:62,7
DA:63,3
DA:65,4
DA:66,4
DA:74,13
DA:75,2
DA:76,1
DA:77,1
DA:79,12
DA:87,12
DA:88,2
DA:89,2
DA:90,2
DA:92,12
DA:100,12
DA:101,1
DA:102,1
DA:103,1
DA:105,12
DA:109,12
DA:110,10
DA:111,8
DA:112,2
DA:113,2
DA:116,10
DA:120,18
DA:129,29
DA:130,18
DA:131,1
DA:137,4
DA:141,20
DA:145,2
DA:148,18
DA:149,18
DA:150,18
DA:152,1
DA:153,1
DA:157,17
DA:159,17
DA:161,17
DA:162,1
DA:165,16
DA:166,16
DA:168,16
DA:169,16
DA:170,16
DA:172,16
DA:173,16
DA:174,13
DA:175,13
DA:176,12
DA:177,12
DA:178,12
DA:180,6
DA:181,3
DA:183,3
DA:187,2
DA:189,1
DA:190,1
DA:194,10
DA:198,33
DA:200,10
DA:202,10
LF:82
LH:82
BRDA:9,0,0,1
BRDA:9,0,1,2
BRDA:28,1,0,13
BRDA:28,1,1,3
BRDA:37,2,0,2
BRDA:37,2,1,1
BRDA:37,3,0,3
BRDA:37,3,1,2
BRDA:47,4,0,3
BRDA:47,4,1,10
BRDA:61,5,0,9
BRDA:61,5,1,7
BRDA:62,6,0,3
BRDA:62,6,1,4
BRDA:62,7,0,7
BRDA:62,7,1,6
BRDA:62,7,2,5
BRDA:74,8,0,2
BRDA:74,8,1,11
BRDA:87,9,0,2
BRDA:87,9,1,10
BRDA:100,10,0,1
BRDA:100,10,1,11
BRDA:109,11,0,10
BRDA:109,11,1,2
BRDA:110,12,0,8
BRDA:110,12,1,2
BRDA:110,13,0,10
BRDA:110,13,1,2
BRDA:112,14,0,2
BRDA:112,14,1,0
BRDA:112,15,0,2
BRDA:112,15,1,2
BRDA:130,16,0,1
BRDA:130,16,1,17
BRDA:152,17,0,1
BRDA:152,17,1,0
BRDA:159,18,0,17
BRDA:159,18,1,13
BRDA:161,19,0,1
BRDA:161,19,1,16
BRDA:161,20,0,17
BRDA:161,20,1,4
BRDA:170,21,0,2
BRDA:170,21,1,14
BRDA:180,22,0,3
BRDA:180,22,1,3
BRDA:183,23,0,2
BRDA:183,23,1,1
BRDA:184,24,0,3
BRDA:184,24,1,3
BRDA:189,25,0,1
BRDA:189,25,1,0
BRDA:189,26,0,1
BRDA:189,26,1,1
BRDA:200,27,0,1
BRDA:200,27,1,9
BRF:57
BRH:54
end_of_record
TN:
SF:src\utils.ts
FN:4,getMaskFromChars
FN:15,processWord
FN:27,normalize
FN:34,wordMask
FN:45,isSimple
FN:49,getWordsFromFile
FN:52,(anonymous_6)
FN:53,(anonymous_7)
FN:57,filterWordsByBag
FN:59,(anonymous_9)
FN:63,getLetterCounts
FN:72,canMakeWord
FNF:12
FNH:12
FNDA:5,getMaskFromChars
FNDA:4,processWord
FNDA:5,normalize
FNDA:6,wordMask
FNDA:6,isSimple
FNDA:1,getWordsFromFile
FNDA:4,(anonymous_6)
FNDA:4,(anonymous_7)
FNDA:1,filterWordsByBag
FNDA:19,(anonymous_9)
FNDA:20,getLetterCounts
FNDA:19,canMakeWord
DA:5,5
DA:6,5
DA:7,43
DA:8,43
DA:9,1
DA:10,42
DA:12,4
DA:16,4
DA:17,4
DA:28,5
DA:35,6
DA:36,6
DA:37,6
DA:38,6
DA:39,1
DA:40,5
DA:42,5
DA:46,6
DA:50,1
DA:52,4
DA:53,4
DA:58,1
DA:59,19
DA:64,20
DA:65,20
DA:66,160
DA:68,20
DA:76,19
DA:78,19
DA:79,49
DA:80,17
DA:84,2
LF:32
LH:32
BRDA:7,0,0,43
BRDA:7,0,1,0
BRDA:8,1,0,1
BRDA:8,1,1,42
BRDA:8,2,0,43
BRDA:8,2,1,42
BRDA:37,3,0,6
BRDA:37,3,1,0
BRDA:38,4,0,1
BRDA:38,4,1,5
BRDA:38,5,0,6
BRDA:38,5,1,5
BRDA:66,6,0,160
BRDA:66,6,1,114
BRDA:79,7,0,17
BRDA:79,7,1,32
BRDA:79,8,0,49
BRDA:79,8,1,49
BRF:18
BRH:16
end_of_record
